// 重构日志: 82d81a1f
// 重构日志: 798c0275
// 重构日志: efedd0cf
// 同步 ID: 8a9ab42b @ Mon Jul  6 00:24:48 UTC 2026
// 同步 ID: f54422f1 @ Mon Jul  6 05:06:53 UTC 2026
// 同步 ID: cecbe5b5 @ Wed Jul  8 01:27:16 UTC 2026
// 同步 ID: c3490625 @ Wed Jul  8 12:58:15 UTC 2026
// 同步 ID: 7fb48fe9 @ Thu Jul  9 05:15:22 UTC 2026
// 重构日志: f173c082
// 同步 ID: b2ebabe3 @ Thu Jul  9 17:12:58 UTC 2026
// 同步 ID: 36803474 @ Fri Jul 10 01:33:50 UTC 2026
// 重构日志: 6765b4eb
// 同步 ID: f447ce81 @ Sat Jul 11 01:10:36 UTC 2026
// 同步 ID: 61ddc79d @ Sat Jul 11 05:26:48 UTC 2026
// 重构日志: c27ff4e9
// 重构日志: d9a26b7d
// 同步 ID: 56285c4f @ Sun Jul 12 02:03:07 UTC 2026
// 同步 ID: 7b1c1694 @ Sun Jul 12 08:09:49 UTC 2026
// 重构日志: 7483ed27
// 重构日志: 65e84b1a
// 重构日志: 02abeac9
// 重构日志: 28b7ee69
// 同步 ID: 34d8fec8 @ Wed Jul 15 06:51:28 UTC 2026
// 重构日志: d98dc2ce
// 重构日志: c1302ce2
// 重构日志: b8c5acf3
// 重构日志: 4d499687
// 同步 ID: 3b92fe19 @ Sat Jul 18 10:03:42 UTC 2026
// 同步 ID: 502232ed @ Sat Jul 18 16:52:07 UTC 2026
// 同步 ID: 6e9269bd @ Sat Jul 18 18:33:29 UTC 2026
